
> local-services-frontend@0.0.1 dev
> vite --host 127.0.0.1

Port 5173 is in use, trying another one...

  [32m[1mVITE[22m v5.4.21[39m  [2mready in [0m[1m2254[22m[2m[0m ms[22m

  [32m➜[39m  [1mLocal[22m:   [36mhttp://127.0.0.1:[1m5174[22m/[39m
[2m[32m  ➜[39m[22m[2m  press [22m[1mh + enter[22m[2m to show help[22m
[2m7:24:14 AM[22m [36m[1m[vite][22m[39m [32mhmr update [39m[2m/@fs/C:/Users/user/Desktop/mainapp/frontend/src/App.jsx[22m
[2m7:24:15 AM[22m [36m[1m[vite][22m[39m [32mhmr update [39m[2m/@fs/C:/Users/user/Desktop/mainapp/frontend/src/App.jsx[22m
[2m7:24:26 AM[22m [36m[1m[vite][22m[39m [32mhmr update [39m[2m/@fs/C:/Users/user/Desktop/mainapp/frontend/src/pages/Login.jsx[22m
[2m7:24:34 AM[22m [36m[1m[vite][22m[39m [32mhmr update [39m[2m/@fs/C:/Users/user/Desktop/mainapp/frontend/src/pages/Login.jsx[22m
[2m7:24:54 AM[22m [36m[1m[vite][22m[39m [32mhmr update [39m[2m/@fs/C:/Users/user/Desktop/mainapp/frontend/src/pages/Dashboard.jsx[22m
[2m7:25:01 AM[22m [36m[1m[vite][22m[39m [32mhmr update [39m[2m/@fs/C:/Users/user/Desktop/mainapp/frontend/src/pages/Dashboard.jsx[22m
[2m7:25:20 AM[22m [36m[1m[vite][22m[39m [32mhmr update [39m[2m/@fs/C:/Users/user/Desktop/mainapp/frontend/src/pages/Dashboard.jsx[22m
[2m7:27:01 AM[22m [36m[1m[vite][22m[39m [32mhmr update [39m[2m/@fs/C:/Users/user/Desktop/mainapp/frontend/src/pages/Dashboard.jsx[22m
[2m7:27:02 AM[22m [36m[1m[vite][22m[39m [32mhmr update [39m[2m/@fs/C:/Users/user/Desktop/mainapp/frontend/src/pages/Dashboard.jsx[22m
[2m7:27:05 AM[22m [36m[1m[vite][22m[39m [32mhmr update [39m[2m/@fs/C:/Users/user/Desktop/mainapp/frontend/src/pages/Login.jsx, /@fs/C:/Users/user/Desktop/mainapp/frontend/src/pages/Register.jsx, /@fs/C:/Users/user/Desktop/mainapp/frontend/src/pages/Dashboard.jsx[22m
[2m7:27:07 AM[22m [36m[1m[vite][22m[39m [32mhmr update [39m[2m/@fs/C:/Users/user/Desktop/mainapp/frontend/src/pages/Login.jsx, /@fs/C:/Users/user/Desktop/mainapp/frontend/src/pages/Register.jsx, /@fs/C:/Users/user/Desktop/mainapp/frontend/src/pages/Dashboard.jsx[22m
[2m7:56:00 AM[22m [36m[1m[vite][22m[39m [32mhmr update [39m[2m/@fs/C:/Users/user/Desktop/mainapp/frontend/src/styles.css[22m
[2m7:56:01 AM[22m [36m[1m[vite][22m[39m [32mhmr update [39m[2m/@fs/C:/Users/user/Desktop/mainapp/frontend/src/styles.css[22m
[2m7:56:36 AM[22m [36m[1m[vite][22m[39m [32mhmr update [39m[2m/@fs/C:/Users/user/Desktop/mainapp/frontend/src/styles.css[22m
[2m7:56:36 AM[22m [36m[1m[vite][22m[39m [32mhmr update [39m[2m/@fs/C:/Users/user/Desktop/mainapp/frontend/src/styles.css[22m
[2m7:56:46 AM[22m [36m[1m[vite][22m[39m [32mhmr update [39m[2m/@fs/C:/Users/user/Desktop/mainapp/frontend/src/styles.css[22m
[2m7:57:18 AM[22m [36m[1m[vite][22m[39m [32mhmr update [39m[2m/@fs/C:/Users/user/Desktop/mainapp/frontend/src/styles.css[22m
