Watching for file changes with StatReloader
Not Found: /
[31/Mar/2026 07:13:33] "GET / HTTP/1.1" 404 2579
Not Found: /favicon.ico
[31/Mar/2026 07:13:33] "GET /favicon.ico HTTP/1.1" 404 2630
[31/Mar/2026 07:14:08] "GET /api/auth/register HTTP/1.1" 301 0
Method Not Allowed: /api/auth/register/
[31/Mar/2026 07:14:08] "GET /api/auth/register/ HTTP/1.1" 405 5684
[31/Mar/2026 07:14:09] "GET /static/rest_framework/css/prettify.css HTTP/1.1" 200 817
[31/Mar/2026 07:14:10] "GET /static/rest_framework/js/ajax-form.js HTTP/1.1" 200 3796
[31/Mar/2026 07:14:10] "GET /static/rest_framework/js/jquery-3.7.1.min.js HTTP/1.1" 200 87533
[31/Mar/2026 07:14:10] "GET /static/rest_framework/css/bootstrap.min.css HTTP/1.1" 200 121457
[31/Mar/2026 07:14:10] "GET /static/rest_framework/css/bootstrap-tweaks.css HTTP/1.1" 200 3426
[31/Mar/2026 07:14:10] "GET /static/rest_framework/js/bootstrap.min.js HTTP/1.1" 200 39680
[31/Mar/2026 07:14:10] "GET /static/rest_framework/js/csrf.js HTTP/1.1" 200 1793
[31/Mar/2026 07:14:10] "GET /static/rest_framework/css/default.css HTTP/1.1" 200 1152
[31/Mar/2026 07:14:10] "GET /static/rest_framework/js/load-ajax-form.js HTTP/1.1" 200 59
[31/Mar/2026 07:14:10] "GET /static/rest_framework/js/prettify-min.js HTTP/1.1" 200 13632
[31/Mar/2026 07:14:10] "GET /static/rest_framework/js/default.js HTTP/1.1" 200 1268
[31/Mar/2026 07:14:10] "GET /static/rest_framework/img/grid.png HTTP/1.1" 200 1458
[31/Mar/2026 07:15:57] "OPTIONS /api/auth/register/ HTTP/1.1" 200 0
[31/Mar/2026 07:15:59] "POST /api/auth/register/ HTTP/1.1" 201 77
[31/Mar/2026 07:16:02] "OPTIONS /api/auth/login/ HTTP/1.1" 200 0
[31/Mar/2026 07:16:03] "POST /api/auth/login/ HTTP/1.1" 200 489
[31/Mar/2026 07:16:03] "OPTIONS /api/users/me/ HTTP/1.1" 200 0
[31/Mar/2026 07:16:03] "GET /api/users/me/ HTTP/1.1" 200 77
[31/Mar/2026 07:16:08] "POST /api/auth/login/ HTTP/1.1" 200 489
[31/Mar/2026 07:16:08] "GET /api/users/me/ HTTP/1.1" 200 77
[31/Mar/2026 07:16:23] "POST /api/auth/login/ HTTP/1.1" 200 489
[31/Mar/2026 07:16:23] "GET /api/users/me/ HTTP/1.1" 200 77
[31/Mar/2026 07:21:40] "POST /api/auth/login/ HTTP/1.1" 200 489
[31/Mar/2026 07:21:55] "GET /api/users/me/ HTTP/1.1" 200 73
[31/Mar/2026 07:22:28] "GET /api/jobs/ HTTP/1.1" 200 52
Unauthorized: /api/users/me/
[31/Mar/2026 07:39:01] "GET /api/users/me/ HTTP/1.1" 401 172
Unauthorized: /api/users/me/
[31/Mar/2026 07:39:01] "GET /api/users/me/ HTTP/1.1" 401 172
[31/Mar/2026 07:39:05] "POST /api/auth/login/ HTTP/1.1" 200 489
[31/Mar/2026 07:39:06] "GET /api/users/me/ HTTP/1.1" 200 77
[31/Mar/2026 07:39:06] "GET /api/users/me/ HTTP/1.1" 200 77
[31/Mar/2026 07:39:07] "OPTIONS /api/jobs/ HTTP/1.1" 200 0
[31/Mar/2026 07:39:07] "GET /api/users/me/ HTTP/1.1" 200 77
[31/Mar/2026 07:39:07] "GET /api/jobs/ HTTP/1.1" 200 52
[31/Mar/2026 07:39:08] "GET /api/jobs/ HTTP/1.1" 200 52
[31/Mar/2026 07:40:51] "POST /api/jobs/ HTTP/1.1" 201 275
[31/Mar/2026 07:40:53] "GET /api/jobs/ HTTP/1.1" 200 327
[31/Mar/2026 07:40:57] "OPTIONS /api/jobs/1/applications/ HTTP/1.1" 200 0
[31/Mar/2026 07:40:58] "GET /api/jobs/1/applications/ HTTP/1.1" 200 2
Not Found: /
[31/Mar/2026 07:41:53] "GET / HTTP/1.1" 404 2579
Not Found: /auth/login
[31/Mar/2026 07:42:12] "GET /auth/login HTTP/1.1" 404 2627
Not Found: /auth/register
[31/Mar/2026 07:42:32] "GET /auth/register HTTP/1.1" 404 2636
[31/Mar/2026 07:42:45] "GET /admin HTTP/1.1" 301 0
[31/Mar/2026 07:42:49] "GET /admin/ HTTP/1.1" 302 0
[31/Mar/2026 07:42:56] "GET /admin/login/?next=/admin/ HTTP/1.1" 200 4181
[31/Mar/2026 07:42:58] "GET /static/admin/css/dark_mode.css HTTP/1.1" 200 2929
[31/Mar/2026 07:42:58] "GET /static/admin/css/nav_sidebar.css HTTP/1.1" 200 2694
[31/Mar/2026 07:42:58] "GET /static/admin/css/base.css HTTP/1.1" 200 21310
[31/Mar/2026 07:42:58] "GET /static/admin/css/login.css HTTP/1.1" 200 958
[31/Mar/2026 07:42:58] "GET /static/admin/css/responsive.css HTTP/1.1" 200 18559
[31/Mar/2026 07:42:58] "GET /static/admin/js/nav_sidebar.js HTTP/1.1" 200 3063
[31/Mar/2026 07:42:58] "GET /static/admin/js/theme.js HTTP/1.1" 200 1943
[31/Mar/2026 07:43:04] "POST /admin/login/?next=/admin/ HTTP/1.1" 200 4347
[31/Mar/2026 07:54:11] "POST /admin/login/?next=/admin/ HTTP/1.1" 302 0
[31/Mar/2026 07:54:12] "GET /admin/ HTTP/1.1" 200 6616
[31/Mar/2026 07:54:12] "GET /static/admin/css/base.css HTTP/1.1" 304 0
[31/Mar/2026 07:54:12] "GET /static/admin/css/dark_mode.css HTTP/1.1" 304 0
[31/Mar/2026 07:54:12] "GET /static/admin/css/dashboard.css HTTP/1.1" 200 441
[31/Mar/2026 07:54:12] "GET /static/admin/css/responsive.css HTTP/1.1" 304 0
[31/Mar/2026 07:54:12] "GET /static/admin/css/nav_sidebar.css HTTP/1.1" 304 0
[31/Mar/2026 07:54:13] "GET /static/admin/js/nav_sidebar.js HTTP/1.1" 304 0
[31/Mar/2026 07:54:13] "GET /static/admin/js/theme.js HTTP/1.1" 304 0
[31/Mar/2026 07:54:13] "GET /static/admin/img/icon-addlink.svg HTTP/1.1" 200 331
[31/Mar/2026 07:54:13] "GET /static/admin/img/icon-changelink.svg HTTP/1.1" 200 380
[31/Mar/2026 07:54:26] "GET /admin/jobs/job/add/ HTTP/1.1" 200 12797
[31/Mar/2026 07:54:27] "GET /static/admin/css/forms.css HTTP/1.1" 200 9090
[31/Mar/2026 07:54:27] "GET /static/admin/js/jquery.init.js HTTP/1.1" 200 347
[31/Mar/2026 07:54:27] "GET /static/admin/js/core.js HTTP/1.1" 200 5682
[31/Mar/2026 07:54:27] "GET /static/admin/js/admin/RelatedObjectLookups.js HTTP/1.1" 200 8943
[31/Mar/2026 07:54:27] "GET /static/admin/js/actions.js HTTP/1.1" 200 7872
[31/Mar/2026 07:54:27] "GET /admin/jsi18n/ HTTP/1.1" 200 3343
[31/Mar/2026 07:54:27] "GET /static/admin/js/vendor/jquery/jquery.js HTTP/1.1" 200 292458
[31/Mar/2026 07:54:27] "GET /static/admin/js/urlify.js HTTP/1.1" 200 7887
[31/Mar/2026 07:54:27] "GET /static/admin/css/widgets.css HTTP/1.1" 200 11921
[31/Mar/2026 07:54:27] "GET /static/admin/js/vendor/xregexp/xregexp.js HTTP/1.1" 200 232381
[31/Mar/2026 07:54:27] "GET /static/admin/js/prepopulate_init.js HTTP/1.1" 200 586
[31/Mar/2026 07:54:27] "GET /static/admin/img/icon-viewlink.svg HTTP/1.1" 200 581
[31/Mar/2026 07:54:27] "GET /static/admin/js/change_form.js HTTP/1.1" 200 606
[31/Mar/2026 07:54:27] "GET /static/admin/js/prepopulate.js HTTP/1.1" 200 1531
Unauthorized: /api/users/me/
[31/Mar/2026 07:57:42] "GET /api/users/me/ HTTP/1.1" 401 172
Unauthorized: /api/users/me/
[31/Mar/2026 07:57:42] "GET /api/users/me/ HTTP/1.1" 401 172
[31/Mar/2026 07:57:46] "POST /api/auth/login/ HTTP/1.1" 200 489
[31/Mar/2026 07:57:46] "GET /api/users/me/ HTTP/1.1" 200 77
[31/Mar/2026 07:57:46] "GET /api/users/me/ HTTP/1.1" 200 77
[31/Mar/2026 07:57:46] "GET /api/users/me/ HTTP/1.1" 200 77
[31/Mar/2026 07:57:46] "GET /api/jobs/ HTTP/1.1" 200 327
[31/Mar/2026 07:57:46] "GET /api/jobs/ HTTP/1.1" 200 327
[31/Mar/2026 07:59:09] "POST /api/jobs/ HTTP/1.1" 201 302
[31/Mar/2026 07:59:13] "GET /api/jobs/ HTTP/1.1" 200 630
[31/Mar/2026 07:59:21] "OPTIONS /api/jobs/2/applications/ HTTP/1.1" 200 0
[31/Mar/2026 07:59:25] "GET /api/jobs/2/applications/ HTTP/1.1" 200 2
[31/Mar/2026 07:59:31] "GET /api/jobs/2/applications/ HTTP/1.1" 200 2
[31/Mar/2026 07:59:35] "GET /api/jobs/2/applications/ HTTP/1.1" 200 2
[31/Mar/2026 07:59:38] "GET /api/jobs/2/applications/ HTTP/1.1" 200 2
[31/Mar/2026 07:59:41] "GET /api/jobs/2/applications/ HTTP/1.1" 200 2
[31/Mar/2026 07:59:43] "GET /api/jobs/2/applications/ HTTP/1.1" 200 2
[31/Mar/2026 07:59:44] "GET /api/jobs/2/applications/ HTTP/1.1" 200 2
[31/Mar/2026 07:59:44] "GET /api/jobs/2/applications/ HTTP/1.1" 200 2
[31/Mar/2026 07:59:45] "GET /api/jobs/2/applications/ HTTP/1.1" 200 2
[31/Mar/2026 08:00:05] "GET /admin/jobs/job/add/ HTTP/1.1" 200 12797
[31/Mar/2026 08:00:05] "GET /admin/jsi18n/ HTTP/1.1" 200 3343
[31/Mar/2026 08:00:14] "GET /admin/jobs/application/add/ HTTP/1.1" 200 11745
[31/Mar/2026 08:00:15] "GET /admin/jsi18n/ HTTP/1.1" 200 3343
[31/Mar/2026 08:00:37] "GET /admin/jobs/job/add/ HTTP/1.1" 200 12797
[31/Mar/2026 08:00:38] "GET /admin/ HTTP/1.1" 200 6616
[31/Mar/2026 08:01:36] "GET /admin/login/?next=/admin/ HTTP/1.1" 302 0
[31/Mar/2026 08:01:37] "GET /admin/ HTTP/1.1" 200 6616
Not Found: /
[31/Mar/2026 08:01:42] "GET / HTTP/1.1" 404 2579
Unauthorized: /api/
[31/Mar/2026 08:01:55] "GET /api/ HTTP/1.1" 401 5009
[31/Mar/2026 08:01:55] "GET /static/rest_framework/css/bootstrap.min.css HTTP/1.1" 304 0
[31/Mar/2026 08:01:55] "GET /static/rest_framework/css/bootstrap-tweaks.css HTTP/1.1" 304 0
[31/Mar/2026 08:01:56] "GET /static/rest_framework/js/jquery-3.7.1.min.js HTTP/1.1" 304 0
[31/Mar/2026 08:01:56] "GET /static/rest_framework/js/ajax-form.js HTTP/1.1" 304 0
[31/Mar/2026 08:01:56] "GET /static/rest_framework/css/prettify.css HTTP/1.1" 304 0
[31/Mar/2026 08:01:56] "GET /static/rest_framework/css/default.css HTTP/1.1" 304 0
[31/Mar/2026 08:01:56] "GET /static/rest_framework/js/csrf.js HTTP/1.1" 304 0
[31/Mar/2026 08:01:56] "GET /static/rest_framework/js/bootstrap.min.js HTTP/1.1" 304 0
[31/Mar/2026 08:01:56] "GET /static/rest_framework/js/prettify-min.js HTTP/1.1" 304 0
[31/Mar/2026 08:01:56] "GET /static/rest_framework/js/default.js HTTP/1.1" 304 0
[31/Mar/2026 08:01:56] "GET /static/rest_framework/js/load-ajax-form.js HTTP/1.1" 304 0
[31/Mar/2026 08:01:56] "GET /static/rest_framework/img/grid.png HTTP/1.1" 304 0
Unauthorized: /api/
[31/Mar/2026 08:02:08] "GET /api/?format=json HTTP/1.1" 401 58
Unauthorized: /api/
[31/Mar/2026 08:02:13] "GET /api/ HTTP/1.1" 401 5009
Unauthorized: /api/
[31/Mar/2026 08:02:17] "GET /api/?format=api HTTP/1.1" 401 5042
Unauthorized: /api/
[31/Mar/2026 08:02:21] "GET /api/?format=api HTTP/1.1" 401 5042
Unauthorized: /api/
[31/Mar/2026 08:02:22] "GET /api/?format=api HTTP/1.1" 401 5042
Unauthorized: /api/
[31/Mar/2026 08:02:25] "GET /api/ HTTP/1.1" 401 5009
Unauthorized: /api/jobs/1/applications/
[31/Mar/2026 08:02:47] "GET /api/jobs/1/applications/ HTTP/1.1" 401 172
Unauthorized: /api/jobs/1/applications/
[31/Mar/2026 08:02:49] "GET /api/jobs/1/applications/ HTTP/1.1" 401 172
Unauthorized: /api/jobs/1/applications/
[31/Mar/2026 08:02:49] "GET /api/jobs/1/applications/ HTTP/1.1" 401 172
Unauthorized: /api/jobs/1/applications/
[31/Mar/2026 08:02:49] "GET /api/jobs/1/applications/ HTTP/1.1" 401 172
Unauthorized: /api/jobs/1/applications/
[31/Mar/2026 08:02:49] "GET /api/jobs/1/applications/ HTTP/1.1" 401 172
Unauthorized: /api/jobs/1/applications/
[31/Mar/2026 08:02:49] "GET /api/jobs/1/applications/ HTTP/1.1" 401 172
Unauthorized: /api/jobs/1/applications/
[31/Mar/2026 08:02:50] "GET /api/jobs/1/applications/ HTTP/1.1" 401 172
Unauthorized: /api/jobs/
[31/Mar/2026 08:02:52] "GET /api/jobs/ HTTP/1.1" 401 172
[31/Mar/2026 08:03:35] "POST /api/auth/register/ HTTP/1.1" 201 79
[31/Mar/2026 08:03:41] "POST /api/auth/login/ HTTP/1.1" 200 489
[31/Mar/2026 08:03:41] "GET /api/users/me/ HTTP/1.1" 200 79
[31/Mar/2026 08:03:41] "GET /api/users/me/ HTTP/1.1" 200 79
[31/Mar/2026 08:03:41] "GET /api/users/me/ HTTP/1.1" 200 79
[31/Mar/2026 08:03:41] "GET /api/jobs/ HTTP/1.1" 200 630
[31/Mar/2026 08:03:41] "GET /api/jobs/ HTTP/1.1" 200 630
[31/Mar/2026 08:03:41] "OPTIONS /api/applications/ HTTP/1.1" 200 0
[31/Mar/2026 08:03:41] "GET /api/applications/ HTTP/1.1" 200 52
[31/Mar/2026 08:03:41] "GET /api/applications/ HTTP/1.1" 200 52
[31/Mar/2026 08:03:47] "POST /api/applications/ HTTP/1.1" 201 466
[31/Mar/2026 08:03:47] "GET /api/applications/ HTTP/1.1" 200 518
[31/Mar/2026 08:03:56] "POST /api/applications/ HTTP/1.1" 201 439
[31/Mar/2026 08:03:56] "GET /api/applications/ HTTP/1.1" 200 958
[31/Mar/2026 08:04:14] "POST /api/auth/login/ HTTP/1.1" 200 489
[31/Mar/2026 08:04:14] "GET /api/users/me/ HTTP/1.1" 200 77
[31/Mar/2026 08:04:14] "GET /api/users/me/ HTTP/1.1" 200 77
[31/Mar/2026 08:04:14] "GET /api/users/me/ HTTP/1.1" 200 77
[31/Mar/2026 08:04:14] "GET /api/jobs/ HTTP/1.1" 200 630
[31/Mar/2026 08:04:14] "GET /api/jobs/ HTTP/1.1" 200 630
[31/Mar/2026 08:04:19] "GET /api/jobs/2/applications/ HTTP/1.1" 200 468
[31/Mar/2026 08:04:30] "OPTIONS /api/applications/1/accept/ HTTP/1.1" 200 0
[31/Mar/2026 08:04:31] "POST /api/applications/1/accept/ HTTP/1.1" 200 474
[31/Mar/2026 08:04:31] "GET /api/jobs/2/applications/ HTTP/1.1" 200 476
[31/Mar/2026 08:04:31] "GET /api/applications/ HTTP/1.1" 200 966
[31/Mar/2026 08:04:38] "GET /api/jobs/1/applications/ HTTP/1.1" 200 441
[31/Mar/2026 08:04:38] "GET /api/jobs/1/applications/ HTTP/1.1" 200 441
[31/Mar/2026 08:04:40] "OPTIONS /api/applications/2/accept/ HTTP/1.1" 200 0
[31/Mar/2026 08:04:40] "POST /api/applications/2/accept/ HTTP/1.1" 200 447
[31/Mar/2026 08:04:40] "GET /api/jobs/1/applications/ HTTP/1.1" 200 449
[31/Mar/2026 08:04:40] "GET /api/applications/ HTTP/1.1" 200 974
[31/Mar/2026 08:04:50] "POST /api/auth/login/ HTTP/1.1" 200 489
[31/Mar/2026 08:04:50] "GET /api/users/me/ HTTP/1.1" 200 79
[31/Mar/2026 08:04:50] "GET /api/users/me/ HTTP/1.1" 200 79
[31/Mar/2026 08:04:50] "GET /api/users/me/ HTTP/1.1" 200 79
[31/Mar/2026 08:04:50] "GET /api/jobs/ HTTP/1.1" 200 644
[31/Mar/2026 08:04:50] "GET /api/jobs/ HTTP/1.1" 200 644
[31/Mar/2026 08:04:50] "GET /api/applications/ HTTP/1.1" 200 974
[31/Mar/2026 08:04:50] "GET /api/applications/ HTTP/1.1" 200 974
[31/Mar/2026 08:05:19] "GET /api/users/me/ HTTP/1.1" 200 79
[31/Mar/2026 08:05:19] "GET /api/users/me/ HTTP/1.1" 200 79
[31/Mar/2026 08:05:19] "GET /api/jobs/ HTTP/1.1" 200 644
[31/Mar/2026 08:05:19] "GET /api/jobs/ HTTP/1.1" 200 644
[31/Mar/2026 08:05:19] "GET /api/applications/ HTTP/1.1" 200 974
[31/Mar/2026 08:05:19] "GET /api/applications/ HTTP/1.1" 200 974
[31/Mar/2026 08:05:26] "GET /api/users/me/ HTTP/1.1" 200 79
[31/Mar/2026 08:05:26] "GET /api/users/me/ HTTP/1.1" 200 79
[31/Mar/2026 08:05:26] "GET /api/jobs/ HTTP/1.1" 200 644
[31/Mar/2026 08:05:26] "GET /api/jobs/ HTTP/1.1" 200 644
[31/Mar/2026 08:05:26] "GET /api/applications/ HTTP/1.1" 200 974
[31/Mar/2026 08:05:26] "GET /api/applications/ HTTP/1.1" 200 974
